ERROR: ld.so: object '/usr/${LIB}/libgtk3-nocsd.so.0' from LD_PRELOAD cannot be preloaded (cannot open shared object file): ignored.
ERROR: ld.so: object '/usr/${LIB}/libgtk3-nocsd.so.0' from LD_PRELOAD cannot be preloaded (cannot open shared object file): ignored.
ERROR: ld.so: object '/usr/${LIB}/libgtk3-nocsd.so.0' from LD_PRELOAD cannot be preloaded (cannot open shared object file): ignored.
ERROR: ld.so: object '/usr/${LIB}/libgtk3-nocsd.so.0' from LD_PRELOAD cannot be preloaded (cannot open shared object file): ignored.
ERROR: ld.so: object '/usr/${LIB}/libgtk3-nocsd.so.0' from LD_PRELOAD cannot be preloaded (cannot open shared object file): ignored.
ERROR: ld.so: object '/usr/${LIB}/libgtk3-nocsd.so.0' from LD_PRELOAD cannot be preloaded (cannot open shared object file): ignored.
[2024-01-24 09:56:29.581070] [0x00007f330e20cbc0] [trace]   Initializing StaticPrintConfigs
Gtk-Message: 09:56:29.637: Failed to load module "xapp-gtk3-module"
Gtk-Message: 09:56:29.638: Failed to load module "canberra-gtk-module"
Gtk-Message: 09:56:29.638: Failed to load module "appmenu-gtk-module"
ERROR: ld.so: object '/usr/${LIB}/libgtk3-nocsd.so.0' from LD_PRELOAD cannot be preloaded (cannot open shared object file): ignored.
ERROR: ld.so: object '/usr/${LIB}/libgtk3-nocsd.so.0' from LD_PRELOAD cannot be preloaded (cannot open shared object file): ignored.

(bambu-studio:4): Gtk-CRITICAL **: 09:56:30.057: gtk_widget_set_size_request: assertion 'width >= -1' failed

(bambu-studio:4): Gtk-CRITICAL **: 09:56:30.057: gtk_widget_set_size_request: assertion 'width >= -1' failed

(bambu-studio:4): Gtk-CRITICAL **: 09:56:30.058: gtk_cell_layout_get_cells: assertion 'GTK_IS_CELL_LAYOUT (cell_layout)' failed

(bambu-studio:4): Gtk-CRITICAL **: 09:56:30.060: gtk_widget_set_size_request: assertion 'width >= -1' failed

(bambu-studio:4): Gtk-CRITICAL **: 09:56:30.060: gtk_widget_set_size_request: assertion 'width >= -1' failed

(bambu-studio:4): Gtk-CRITICAL **: 09:56:30.060: gtk_cell_layout_get_cells: assertion 'GTK_IS_CELL_LAYOUT (cell_layout)' failed

(bambu-studio:4): Gtk-CRITICAL **: 09:56:30.063: gtk_widget_set_size_request: assertion 'width >= -1' failed

(bambu-studio:4): Gtk-CRITICAL **: 09:56:30.063: gtk_widget_set_size_request: assertion 'width >= -1' failed

(bambu-studio:4): Gtk-CRITICAL **: 09:56:30.063: gtk_cell_layout_get_cells: assertion 'GTK_IS_CELL_LAYOUT (cell_layout)' failed

(bambu-studio:4): Gtk-CRITICAL **: 09:56:30.066: gtk_widget_set_size_request: assertion 'width >= -1' failed

(bambu-studio:4): Gtk-CRITICAL **: 09:56:30.066: gtk_widget_set_size_request: assertion 'width >= -1' failed

(bambu-studio:4): Gtk-CRITICAL **: 09:56:30.066: gtk_cell_layout_get_cells: assertion 'GTK_IS_CELL_LAYOUT (cell_layout)' failed

(bambu-studio:4): Gtk-CRITICAL **: 09:56:30.077: gtk_widget_set_size_request: assertion 'width >= -1' failed

(bambu-studio:4): Gtk-CRITICAL **: 09:56:30.077: gtk_widget_set_size_request: assertion 'width >= -1' failed

(bambu-studio:4): Gtk-CRITICAL **: 09:56:30.077: gtk_cell_layout_get_cells: assertion 'GTK_IS_CELL_LAYOUT (cell_layout)' failed

(bambu-studio:4): Gtk-CRITICAL **: 09:56:30.078: gtk_widget_set_size_request: assertion 'width >= -1' failed

(bambu-studio:4): Gtk-CRITICAL **: 09:56:30.078: gtk_widget_set_size_request: assertion 'width >= -1' failed

(bambu-studio:4): Gtk-CRITICAL **: 09:56:30.078: gtk_cell_layout_get_cells: assertion 'GTK_IS_CELL_LAYOUT (cell_layout)' failed
ERROR: ld.so: object '/usr/${LIB}/libgtk3-nocsd.so.0' from LD_PRELOAD cannot be preloaded (cannot open shared object file): ignored.
ERROR: ld.so: object '/usr/${LIB}/libgtk3-nocsd.so.0' from LD_PRELOAD cannot be preloaded (cannot open shared object file): ignored.

(bambu-studio:4): Gtk-CRITICAL **: 09:56:30.312: gtk_window_resize: assertion 'height > 0' failed

(bambu-studio:4): Gtk-CRITICAL **: 09:56:30.317: gtk_widget_set_size_request: assertion 'width >= -1' failed

(bambu-studio:4): Gtk-CRITICAL **: 09:56:30.317: gtk_widget_set_size_request: assertion 'width >= -1' failed

(bambu-studio:4): Gtk-CRITICAL **: 09:56:30.318: gtk_widget_set_size_request: assertion 'width >= -1' failed

(bambu-studio:4): Gtk-CRITICAL **: 09:56:30.318: gtk_widget_set_size_request: assertion 'width >= -1' failed

(bambu-studio:4): Gtk-CRITICAL **: 09:56:30.318: gtk_widget_set_size_request: assertion 'width >= -1' failed

(bambu-studio:4): Gtk-CRITICAL **: 09:56:30.318: gtk_widget_set_size_request: assertion 'width >= -1' failed

(bambu-studio:4): Gtk-CRITICAL **: 09:56:30.318: gtk_widget_set_size_request: assertion 'width >= -1' failed

(bambu-studio:4): Gtk-CRITICAL **: 09:56:30.318: gtk_widget_set_size_request: assertion 'width >= -1' failed

(bambu-studio:4): Gtk-CRITICAL **: 09:56:30.331: gtk_window_resize: assertion 'height > 0' failed

(bambu-studio:4): Gtk-CRITICAL **: 09:56:30.333: gtk_widget_set_size_request: assertion 'width >= -1' failed

(bambu-studio:4): Gtk-CRITICAL **: 09:56:30.333: gtk_widget_set_size_request: assertion 'width >= -1' failed
Gtk-Message: 09:56:30.349: Failed to load module "xapp-gtk3-module"
Gtk-Message: 09:56:30.349: Failed to load module "canberra-gtk-module"
Gtk-Message: 09:56:30.349: Failed to load module "appmenu-gtk-module"

(bambu-studio:4): Gtk-CRITICAL **: 09:56:30.473: gtk_widget_set_size_request: assertion 'width >= -1' failed

(bambu-studio:4): Gtk-CRITICAL **: 09:56:30.473: gtk_widget_set_size_request: assertion 'width >= -1' failed

(bambu-studio:4): Gtk-CRITICAL **: 09:56:30.473: gtk_widget_set_size_request: assertion 'width >= -1' failed

(bambu-studio:4): Gtk-CRITICAL **: 09:56:30.473: gtk_widget_set_size_request: assertion 'width >= -1' failed

(bambu-studio:4): Gtk-CRITICAL **: 09:56:30.485: gtk_widget_set_size_request: assertion 'width >= -1' failed

(bambu-studio:4): Gtk-CRITICAL **: 09:56:30.485: gtk_widget_set_size_request: assertion 'width >= -1' failed

(bambu-studio:4): Gtk-CRITICAL **: 09:56:30.485: gtk_widget_set_size_request: assertion 'width >= -1' failed

(bambu-studio:4): Gtk-CRITICAL **: 09:56:30.485: gtk_widget_set_size_request: assertion 'width >= -1' failed

(bambu-studio:4): Gtk-CRITICAL **: 09:56:30.492: gtk_widget_set_size_request: assertion 'width >= -1' failed

(bambu-studio:4): Gtk-CRITICAL **: 09:56:30.492: gtk_widget_set_size_request: assertion 'width >= -1' failed

(bambu-studio:4): Gtk-CRITICAL **: 09:56:30.492: gtk_widget_set_size_request: assertion 'width >= -1' failed

(bambu-studio:4): Gtk-CRITICAL **: 09:56:30.493: gtk_widget_set_size_request: assertion 'width >= -1' failed

(bambu-studio:4): Gtk-CRITICAL **: 09:56:30.504: gtk_widget_set_size_request: assertion 'width >= -1' failed

(bambu-studio:4): Gtk-CRITICAL **: 09:56:30.504: gtk_widget_set_size_request: assertion 'width >= -1' failed

(bambu-studio:4): Gtk-CRITICAL **: 09:56:30.504: gtk_widget_set_size_request: assertion 'width >= -1' failed

(bambu-studio:4): Gtk-CRITICAL **: 09:56:30.504: gtk_widget_set_size_request: assertion 'width >= -1' failed

(bambu-studio:4): Gtk-CRITICAL **: 09:56:30.516: gtk_widget_set_size_request: assertion 'width >= -1' failed

(bambu-studio:4): Gtk-CRITICAL **: 09:56:30.516: gtk_widget_set_size_request: assertion 'width >= -1' failed

(bambu-studio:4): Gtk-CRITICAL **: 09:56:30.516: gtk_widget_set_size_request: assertion 'width >= -1' failed

(bambu-studio:4): Gtk-CRITICAL **: 09:56:30.516: gtk_widget_set_size_request: assertion 'width >= -1' failed

(bambu-studio:4): Gtk-CRITICAL **: 09:56:30.528: gtk_widget_set_size_request: assertion 'width >= -1' failed

(bambu-studio:4): Gtk-CRITICAL **: 09:56:30.528: gtk_widget_set_size_request: assertion 'width >= -1' failed

(bambu-studio:4): Gtk-CRITICAL **: 09:56:30.528: gtk_widget_set_size_request: assertion 'width >= -1' failed

(bambu-studio:4): Gtk-CRITICAL **: 09:56:30.528: gtk_widget_set_size_request: assertion 'width >= -1' failed

(bambu-studio:4): Gtk-CRITICAL **: 09:56:30.541: gtk_widget_set_size_request: assertion 'width >= -1' failed

(bambu-studio:4): Gtk-CRITICAL **: 09:56:30.541: gtk_widget_set_size_request: assertion 'width >= -1' failed

(bambu-studio:4): Gtk-CRITICAL **: 09:56:30.541: gtk_widget_set_size_request: assertion 'width >= -1' failed

(bambu-studio:4): Gtk-CRITICAL **: 09:56:30.541: gtk_widget_set_size_request: assertion 'width >= -1' failed

** (bambu-studio:4): CRITICAL **: 09:56:30.897: Cannot register URI scheme wxfs more than once

** (bambu-studio:4): CRITICAL **: 09:56:30.897: Cannot register URI scheme memory more than once
ERROR: ld.so: object '/usr/${LIB}/libgtk3-nocsd.so.0' from LD_PRELOAD cannot be preloaded (cannot open shared object file): ignored.

** (bambu-studio:4): CRITICAL **: 09:56:30.905: Cannot register URI scheme wxfs more than once

** (bambu-studio:4): CRITICAL **: 09:56:30.905: Cannot register URI scheme memory more than once
ERROR: ld.so: object '/usr/${LIB}/libgtk3-nocsd.so.0' from LD_PRELOAD cannot be preloaded (cannot open shared object file): ignored.
Gtk-Message: 09:56:30.962: Failed to load module "xapp-gtk3-module"
Gtk-Message: 09:56:30.962: Failed to load module "canberra-gtk-module"
Gtk-Message: 09:56:30.962: Failed to load module "appmenu-gtk-module"
Gtk-Message: 09:56:30.972: Failed to load module "xapp-gtk3-module"
Gtk-Message: 09:56:30.973: Failed to load module "canberra-gtk-module"
Gtk-Message: 09:56:30.973: Failed to load module "appmenu-gtk-module"

(bambu-studio:4): Gtk-CRITICAL **: 09:56:31.055: gtk_window_resize: assertion 'height > 0' failed

(bambu-studio:4): Gtk-CRITICAL **: 09:56:31.056: gtk_widget_set_size_request: assertion 'width >= -1' failed

(bambu-studio:4): Gtk-CRITICAL **: 09:56:31.056: gtk_widget_set_size_request: assertion 'width >= -1' failed

(bambu-studio:4): Gtk-CRITICAL **: 09:56:31.059: gtk_window_resize: assertion 'height > 0' failed

(bambu-studio:4): Gtk-CRITICAL **: 09:56:31.059: gtk_widget_set_size_request: assertion 'width >= -1' failed

(bambu-studio:4): Gtk-CRITICAL **: 09:56:31.059: gtk_widget_set_size_request: assertion 'width >= -1' failed

(bambu-studio:4): Gtk-CRITICAL **: 09:56:31.062: gtk_window_resize: assertion 'height > 0' failed

(bambu-studio:4): Gtk-CRITICAL **: 09:56:31.062: gtk_widget_set_size_request: assertion 'width >= -1' failed

(bambu-studio:4): Gtk-CRITICAL **: 09:56:31.062: gtk_widget_set_size_request: assertion 'width >= -1' failed

(bambu-studio:4): Gtk-CRITICAL **: 09:56:31.065: gtk_window_resize: assertion 'height > 0' failed

(bambu-studio:4): Gtk-CRITICAL **: 09:56:31.065: gtk_widget_set_size_request: assertion 'width >= -1' failed

(bambu-studio:4): Gtk-CRITICAL **: 09:56:31.065: gtk_widget_set_size_request: assertion 'width >= -1' failed

(bambu-studio:4): Gtk-CRITICAL **: 09:56:31.075: gtk_window_resize: assertion 'height > 0' failed

(bambu-studio:4): Gtk-CRITICAL **: 09:56:31.076: gtk_widget_set_size_request: assertion 'width >= -1' failed

(bambu-studio:4): Gtk-CRITICAL **: 09:56:31.076: gtk_widget_set_size_request: assertion 'width >= -1' failed

(bambu-studio:4): Gtk-CRITICAL **: 09:56:31.352: gtk_window_resize: assertion 'height > 0' failed

(bambu-studio:4): Gtk-CRITICAL **: 09:56:31.352: gtk_widget_set_size_request: assertion 'width >= -1' failed

(bambu-studio:4): Gtk-CRITICAL **: 09:56:31.352: gtk_widget_set_size_request: assertion 'width >= -1' failed

(bambu-studio:4): Gtk-CRITICAL **: 09:56:31.355: gtk_window_resize: assertion 'height > 0' failed

(bambu-studio:4): Gtk-CRITICAL **: 09:56:31.355: gtk_widget_set_size_request: assertion 'width >= -1' failed

(bambu-studio:4): Gtk-CRITICAL **: 09:56:31.355: gtk_widget_set_size_request: assertion 'width >= -1' failed

(bambu-studio:4): Gtk-CRITICAL **: 09:56:31.358: gtk_window_resize: assertion 'height > 0' failed

(bambu-studio:4): Gtk-CRITICAL **: 09:56:31.358: gtk_widget_set_size_request: assertion 'width >= -1' failed

(bambu-studio:4): Gtk-CRITICAL **: 09:56:31.358: gtk_widget_set_size_request: assertion 'width >= -1' failed

(bambu-studio:4): Gtk-CRITICAL **: 09:56:31.361: gtk_window_resize: assertion 'height > 0' failed

(bambu-studio:4): Gtk-CRITICAL **: 09:56:31.361: gtk_widget_set_size_request: assertion 'width >= -1' failed

(bambu-studio:4): Gtk-CRITICAL **: 09:56:31.361: gtk_widget_set_size_request: assertion 'width >= -1' failed

(bambu-studio:4): Gtk-CRITICAL **: 09:56:31.367: gtk_window_resize: assertion 'height > 0' failed

(bambu-studio:4): Gtk-CRITICAL **: 09:56:31.368: gtk_widget_set_size_request: assertion 'width >= -1' failed

(bambu-studio:4): Gtk-CRITICAL **: 09:56:31.368: gtk_widget_set_size_request: assertion 'width >= -1' failed

(bambu-studio:4): Gtk-CRITICAL **: 09:56:31.689: gtk_widget_set_size_request: assertion 'width >= -1' failed

(bambu-studio:4): Gtk-CRITICAL **: 09:56:31.689: gtk_widget_set_size_request: assertion 'width >= -1' failed

(bambu-studio:4): Gtk-CRITICAL **: 09:56:31.689: gtk_widget_set_size_request: assertion 'width >= -1' failed

(bambu-studio:4): Gtk-CRITICAL **: 09:56:31.689: gtk_widget_set_size_request: assertion 'width >= -1' failed

(bambu-studio:4): Gtk-CRITICAL **: 09:56:31.689: gtk_widget_set_size_request: assertion 'width >= -1' failed

(bambu-studio:4): Gtk-CRITICAL **: 09:56:31.689: gtk_widget_set_size_request: assertion 'width >= -1' failed

(bambu-studio:4): Gtk-CRITICAL **: 09:56:31.689: gtk_widget_set_size_request: assertion 'width >= -1' failed

(bambu-studio:4): Gtk-CRITICAL **: 09:56:31.744: gtk_window_resize: assertion 'width > 0' failed

(bambu-studio:4): Gtk-CRITICAL **: 09:56:31.744: gtk_widget_set_size_request: assertion 'width >= -1' failed

(bambu-studio:4): Gtk-CRITICAL **: 09:56:31.744: gtk_widget_set_size_request: assertion 'width >= -1' failed

(bambu-studio:4): Gtk-CRITICAL **: 09:56:31.744: gtk_cell_layout_get_cells: assertion 'GTK_IS_CELL_LAYOUT (cell_layout)' failed

(bambu-studio:4): Gtk-CRITICAL **: 09:56:31.745: gtk_window_resize: assertion 'width > 0' failed

(bambu-studio:4): Gtk-CRITICAL **: 09:56:31.745: gtk_cell_layout_get_cells: assertion 'GTK_IS_CELL_LAYOUT (cell_layout)' failed

(bambu-studio:4): Gtk-CRITICAL **: 09:56:31.749: gtk_widget_set_size_request: assertion 'width >= -1' failed

(bambu-studio:4): Gtk-CRITICAL **: 09:56:31.750: gtk_cell_layout_get_cells: assertion 'GTK_IS_CELL_LAYOUT (cell_layout)' failed

(bambu-studio:4): Gtk-CRITICAL **: 09:56:31.751: gtk_window_resize: assertion 'width > 0' failed

(bambu-studio:4): Gtk-CRITICAL **: 09:56:31.751: gtk_widget_set_size_request: assertion 'width >= -1' failed

(bambu-studio:4): Gtk-CRITICAL **: 09:56:31.751: gtk_widget_set_size_request: assertion 'width >= -1' failed

(bambu-studio:4): Gtk-CRITICAL **: 09:56:31.751: gtk_cell_layout_get_cells: assertion 'GTK_IS_CELL_LAYOUT (cell_layout)' failed

(bambu-studio:4): Gtk-CRITICAL **: 09:56:31.755: gtk_cell_layout_get_cells: assertion 'GTK_IS_CELL_LAYOUT (cell_layout)' failed

(bambu-studio:4): Gtk-CRITICAL **: 09:56:31.757: gtk_window_resize: assertion 'width > 0' failed

(bambu-studio:4): Gtk-CRITICAL **: 09:56:31.757: gtk_cell_layout_get_cells: assertion 'GTK_IS_CELL_LAYOUT (cell_layout)' failed

(bambu-studio:4): Gtk-CRITICAL **: 09:56:31.757: gtk_window_resize: assertion 'width > 0' failed

(bambu-studio:4): Gtk-CRITICAL **: 09:56:31.757: gtk_widget_set_size_request: assertion 'width >= -1' failed

(bambu-studio:4): Gtk-CRITICAL **: 09:56:31.757: gtk_widget_set_size_request: assertion 'width >= -1' failed

(bambu-studio:4): Gtk-CRITICAL **: 09:56:31.757: gtk_cell_layout_get_cells: assertion 'GTK_IS_CELL_LAYOUT (cell_layout)' failed

(bambu-studio:4): Gtk-CRITICAL **: 09:56:31.757: gtk_widget_set_size_request: assertion 'width >= -1' failed

(bambu-studio:4): Gtk-CRITICAL **: 09:56:31.758: gtk_widget_set_size_request: assertion 'width >= -1' failed

(bambu-studio:4): Gtk-CRITICAL **: 09:56:31.805: gtk_window_resize: assertion 'height > 0' failed

(bambu-studio:4): Gtk-CRITICAL **: 09:56:31.805: gtk_widget_set_size_request: assertion 'width >= -1' failed

(bambu-studio:4): Gtk-CRITICAL **: 09:56:31.805: gtk_widget_set_size_request: assertion 'width >= -1' failed

(bambu-studio:4): Gtk-CRITICAL **: 09:56:31.824: gtk_window_resize: assertion 'height > 0' failed

(bambu-studio:4): Gtk-CRITICAL **: 09:56:31.824: gtk_widget_set_size_request: assertion 'width >= -1' failed

(bambu-studio:4): Gtk-CRITICAL **: 09:56:31.824: gtk_widget_set_size_request: assertion 'width >= -1' failed

(bambu-studio:4): Gtk-CRITICAL **: 09:56:31.826: gtk_window_resize: assertion 'height > 0' failed

(bambu-studio:4): Gtk-CRITICAL **: 09:56:31.826: gtk_widget_set_size_request: assertion 'width >= -1' failed

(bambu-studio:4): Gtk-CRITICAL **: 09:56:31.826: gtk_widget_set_size_request: assertion 'width >= -1' failed

(bambu-studio:4): Gtk-CRITICAL **: 09:56:31.827: gtk_widget_set_size_request: assertion 'width >= -1' failed

(bambu-studio:4): Gtk-CRITICAL **: 09:56:31.827: gtk_widget_set_size_request: assertion 'width >= -1' failed

(bambu-studio:4): Gtk-CRITICAL **: 09:56:31.837: gtk_window_resize: assertion 'height > 0' failed

(bambu-studio:4): Gtk-CRITICAL **: 09:56:31.838: gtk_widget_set_size_request: assertion 'width >= -1' failed

(bambu-studio:4): Gtk-CRITICAL **: 09:56:31.838: gtk_widget_set_size_request: assertion 'width >= -1' failed

(bambu-studio:4): Gtk-CRITICAL **: 09:56:31.856: gtk_window_resize: assertion 'height > 0' failed

(bambu-studio:4): Gtk-CRITICAL **: 09:56:31.856: gtk_widget_set_size_request: assertion 'width >= -1' failed

(bambu-studio:4): Gtk-CRITICAL **: 09:56:31.856: gtk_widget_set_size_request: assertion 'width >= -1' failed

(bambu-studio:4): Gtk-CRITICAL **: 09:56:31.863: gtk_window_resize: assertion 'height > 0' failed

(bambu-studio:4): Gtk-CRITICAL **: 09:56:31.864: gtk_widget_set_size_request: assertion 'width >= -1' failed

(bambu-studio:4): Gtk-CRITICAL **: 09:56:31.864: gtk_widget_set_size_request: assertion 'width >= -1' failed

(bambu-studio:4): Gtk-CRITICAL **: 09:56:32.440: gtk_widget_set_size_request: assertion 'width >= -1' failed

(bambu-studio:4): Gtk-CRITICAL **: 09:56:32.440: gtk_widget_set_size_request: assertion 'width >= -1' failed

(bambu-studio:4): Gtk-CRITICAL **: 09:56:32.440: gtk_widget_set_size_request: assertion 'width >= -1' failed

(bambu-studio:4): Gtk-CRITICAL **: 09:56:32.441: gtk_widget_set_size_request: assertion 'width >= -1' failed

(bambu-studio:4): Gtk-CRITICAL **: 09:56:35.598: gtk_cell_layout_get_cells: assertion 'GTK_IS_CELL_LAYOUT (cell_layout)' failed

(bambu-studio:4): Gtk-CRITICAL **: 09:56:35.599: gtk_cell_layout_get_cells: assertion 'GTK_IS_CELL_LAYOUT (cell_layout)' failed

(bambu-studio:4): Gtk-CRITICAL **: 09:56:35.610: gtk_cell_layout_get_cells: assertion 'GTK_IS_CELL_LAYOUT (cell_layout)' failed

(bambu-studio:4): Gtk-CRITICAL **: 09:56:35.610: gtk_cell_layout_get_cells: assertion 'GTK_IS_CELL_LAYOUT (cell_layout)' failed

(bambu-studio:4): Gtk-CRITICAL **: 09:56:35.615: gtk_cell_layout_get_cells: assertion 'GTK_IS_CELL_LAYOUT (cell_layout)' failed

(bambu-studio:4): Gtk-CRITICAL **: 09:56:35.619: gtk_cell_layout_get_cells: assertion 'GTK_IS_CELL_LAYOUT (cell_layout)' failed

(bambu-studio:4): Gtk-CRITICAL **: 09:56:35.620: gtk_cell_layout_get_cells: assertion 'GTK_IS_CELL_LAYOUT (cell_layout)' failed
add font of HarmonyOS_Sans_SC_Bold returns 1
add font of HarmonyOS_Sans_SC_Regular returns 1
loading network module at /home/qwerty/.var/app/com.bambulab.BambuStudio/config/BambuStudioInternal/plugins/libbambu_networking.so
error, dlerror is /home/qwerty/.var/app/com.bambulab.BambuStudio/config/BambuStudioInternal/plugins/libbambu_networking.so: cannot open shared object file: No such file or directory
after dlopen, network_module is (nil)
loading network module at /home/qwerty/.var/app/com.bambulab.BambuStudio/config/BambuStudioInternal/plugins/libbambu_networking.so
after dlopen, network_module is 0x55fa8c3721c0
BambuTunnel::GetMsg(1)
[2024-01-24 09:56:40.683] [console] [info] TunnelMqtt::reconnect: result: 0
ERROR: ld.so: object '/usr/${LIB}/libgtk3-nocsd.so.0' from LD_PRELOAD cannot be preloaded (cannot open shared object file): ignored.
ERROR: ld.so: object '/usr/${LIB}/libgtk3-nocsd.so.0' from LD_PRELOAD cannot be preloaded (cannot open shared object file): ignored.

(bambu-studio:4): Gtk-CRITICAL **: 09:56:51.767: gtk_widget_set_size_request: assertion 'width >= -1' failed

** (bambu-studio:4): CRITICAL **: 09:56:53.854: Cannot register URI scheme wxfs more than once

** (bambu-studio:4): CRITICAL **: 09:56:53.855: Cannot register URI scheme memory more than once
ERROR: ld.so: object '/usr/${LIB}/libgtk3-nocsd.so.0' from LD_PRELOAD cannot be preloaded (cannot open shared object file): ignored.
Gtk-Message: 09:56:54.060: Failed to load module "xapp-gtk3-module"
Gtk-Message: 09:56:54.061: Failed to load module "canberra-gtk-module"
Gtk-Message: 09:56:54.061: Failed to load module "appmenu-gtk-module"

** (process:2439919): WARNING **: 09:56:54.499: Error writing credentials to socket: Error sending message: Broken pipe

** (bambu-studio:4): CRITICAL **: 09:58:04.810: Cannot register URI scheme wxfs more than once

** (bambu-studio:4): CRITICAL **: 09:58:04.810: Cannot register URI scheme memory more than once
ERROR: ld.so: object '/usr/${LIB}/libgtk3-nocsd.so.0' from LD_PRELOAD cannot be preloaded (cannot open shared object file): ignored.
Gtk-Message: 09:58:05.018: Failed to load module "xapp-gtk3-module"
Gtk-Message: 09:58:05.019: Failed to load module "canberra-gtk-module"
Gtk-Message: 09:58:05.019: Failed to load module "appmenu-gtk-module"

(bambu-studio:4): Gtk-CRITICAL **: 09:58:13.034: gtk_cell_layout_get_cells: assertion 'GTK_IS_CELL_LAYOUT (cell_layout)' failed

(bambu-studio:4): Gtk-CRITICAL **: 09:58:13.036: gtk_cell_layout_get_cells: assertion 'GTK_IS_CELL_LAYOUT (cell_layout)' failed

(bambu-studio:4): Gtk-CRITICAL **: 09:58:13.057: gtk_cell_layout_get_cells: assertion 'GTK_IS_CELL_LAYOUT (cell_layout)' failed

(bambu-studio:4): Gtk-CRITICAL **: 09:58:13.059: gtk_cell_layout_get_cells: assertion 'GTK_IS_CELL_LAYOUT (cell_layout)' failed

(bambu-studio:4): Gtk-CRITICAL **: 09:58:13.070: gtk_cell_layout_get_cells: assertion 'GTK_IS_CELL_LAYOUT (cell_layout)' failed

(bambu-studio:4): Gtk-CRITICAL **: 09:58:13.084: gtk_cell_layout_get_cells: assertion 'GTK_IS_CELL_LAYOUT (cell_layout)' failed

(bambu-studio:4): Gtk-CRITICAL **: 09:58:13.085: gtk_cell_layout_get_cells: assertion 'GTK_IS_CELL_LAYOUT (cell_layout)' failed
1. lo    : 127.0.0.1
2. wlan0 : 10.27.3.73

